task: Task "fuzz-deps" is up to date
============================= test session starts ==============================
platform linux -- Python 3.10.12, pytest-7.4.2, pluggy-1.6.0
rootdir: /home/seu/6-May/27-5
collected 1 item

unittest/test-web-service.py .                                           [100%]

==================================== PASSES ====================================
____________________________ test_fuzz_stress_test _____________________________
---------------------------- Captured stdout setup -----------------------------

Begin: Fuzzing Test
----------------------------- Captured stdout call -----------------------------
Invalid JSON file
------------------------------ Captured log call -------------------------------
DEBUG    Fuzz-StressTest:test-web-service.py:87 {'app_id': '80d328b2-9ddf-4896-8e36-c1397a4184be'}
INFO     Fuzz-StressTest:test-web-service.py:106 {
    "status": "OK",
    "bugCount": 0,
    "codeCounts": {
        "0": 5,
        "400": 6
    },
    "400": [
        {
            "request": "curl -X 'POST' 'http://localhost:8585/api/connect' -H 'Content-Type: application/json' -v",
            "response": "400 Bad Request"
        },
        {
            "request": "curl -X 'POST' 'http://localhost:8585/api/disconnect' -H 'Content-Type: application/json' -v",
            "response": "400 Bad Request"
        },
        {
            "request": "curl -X 'GET' 'http://localhost:8585/api/status' -H 'Content-Type: application/json' -v",
            "response": "400 Bad Request"
        },
        {
            "request": "curl -X 'GET' 'http://localhost:8585/api/status' -H 'Content-Type: application/json' -v",
            "response": "400 Bad Request"
        },
        {
            "request": "curl -X 'POST' 'http://localhost:8585/api/connect' -H 'Content-Type: application/json' -v",
            "response": "400 Bad Request"
        },
        {
            "request": "curl -X 'POST' 'http://localhost:8585/api/disconnect' -H 'Content-Type: application/json' -v",
            "response": "400 Bad Request"
        }
    ]
}
--------------------------- Captured stdout teardown ---------------------------

Log file can be found in logs folder : /home/seu/6-May/27-5/containers.docker.fuzzing.faas/logs/log_21h_43m_04s_May_28_2026
End: Fuzzing Test
- generated xml file: /home/seu/6-May/27-5/orch-cli/docs/SDL504-evidence/junit.xml -
=========================== short test summary info ============================
PASSED unittest/test-web-service.py::test_fuzz_stress_test
============================== 1 passed in 28.28s ==============================
